{"/Users/christoffer.ohman/Projects/http/src/interceptor.ts": {"path":"/Users/christoffer.ohman/Projects/http/src/interceptor.ts","statementMap":{"0":{"start":{"line":4,"column":1},"end":{"line":7,"column":3}},"1":{"start":{"line":29,"column":9},"end":{"line":29,"column":20}},"2":{"start":{"line":11,"column":1},"end":{"line":26,"column":3}},"3":{"start":{"line":13,"column":3},"end":{"line":15,"column":null}},"4":{"start":{"line":14,"column":4},"end":{"line":14,"column":41}},"5":{"start":{"line":17,"column":3},"end":{"line":17,"column":18}},"6":{"start":{"line":20,"column":3},"end":{"line":22,"column":null}},"7":{"start":{"line":21,"column":4},"end":{"line":21,"column":42}},"8":{"start":{"line":24,"column":3},"end":{"line":24,"column":18}},"9":{"start":{"line":29,"column":22},"end":{"line":29,"column":31}}},"fnMap":{"0":{"name":"interceptor","decl":{"start":{"line":3,"column":9},"end":{"line":3,"column":20}},"loc":{"start":{"line":3,"column":20},"end":{"line":8,"column":1}}},"1":{"name":"publisher","decl":{"start":{"line":10,"column":9},"end":{"line":10,"column":18}},"loc":{"start":{"line":10,"column":63},"end":{"line":27,"column":1}}},"2":{"name":"(anonymous_2)","decl":{"start":{"line":12,"column":11},"end":{"line":12,"column":12}},"loc":{"start":{"line":12,"column":38},"end":{"line":18,"column":3}}},"3":{"name":"(anonymous_3)","decl":{"start":{"line":19,"column":12},"end":{"line":19,"column":13}},"loc":{"start":{"line":19,"column":34},"end":{"line":25,"column":3}}}},"branchMap":{"0":{"loc":{"start":{"line":13,"column":3},"end":{"line":15,"column":null}},"type":"if","locations":[{"start":{"line":13,"column":3},"end":{"line":15,"column":null}}]},"1":{"loc":{"start":{"line":20,"column":3},"end":{"line":22,"column":null}},"type":"if","locations":[{"start":{"line":20,"column":3},"end":{"line":22,"column":null}}]}},"s":{"0":2,"1":1,"2":2,"3":2,"4":1,"5":1,"6":2,"7":1,"8":1,"9":1},"f":{"0":2,"1":2,"2":2,"3":2},"b":{"0":[1],"1":[1]}}
,"/Users/christoffer.ohman/Projects/http/src/response.ts": {"path":"/Users/christoffer.ohman/Projects/http/src/response.ts","statementMap":{"0":{"start":{"line":2,"column":17},"end":{"line":2,"column":38}},"1":{"start":{"line":4,"column":1},"end":{"line":9,"column":3}},"2":{"start":{"line":12,"column":9},"end":{"line":12,"column":21}}},"fnMap":{"0":{"name":"jsonResponse","decl":{"start":{"line":1,"column":15},"end":{"line":1,"column":27}},"loc":{"start":{"line":1,"column":52},"end":{"line":10,"column":null}}}},"branchMap":{},"s":{"0":5,"1":1,"2":1},"f":{"0":5},"b":{}}
}
